<?xml version="1.0" encoding="UTF-8"?>
<!-- Generated by org.testng.reporters.JUnitReportReporter -->
<testsuite hostname="LAPTOP-57TQEETI" failures="0" tests="1" name="com.actitime.testscript.CustomerModule" time="0.026" errors="0" timestamp="2023-06-07T19:27:23 IST" skipped="0">
  <testcase classname="com.actitime.testscript.CustomerModule" name="createCustomer" time="0.026"/>
  <system-out>
Create Cutemer  </system-out>
</testsuite> <!-- com.actitime.testscript.CustomerModule -->
